<?xml version="1.0" encoding="UTF-8"?>
<!-- Generated by org.testng.reporters.JUnitXMLReporter -->
<testsuite ignored="0" hostname="Micky" failures="3" tests="16" name="firefoxtest" time="35.921" errors="0" timestamp="2025-08-16T12:05:24 IST">
  <testcase classname="TestScripts.Case1" name="valUIisDisplayed" time="0.067"/>
  <testcase classname="TestScripts.Case1" name="valUIisEnabled" time="0.041"/>
  <testcase classname="TestScripts.Case2" name="valPlaceholder" time="0.016"/>
  <testcase classname="TestScripts.Case2" name="valTitle" time="0.003">
    <failure type="java.lang.AssertionError" message="expected [Factorial] but found [Factoriall]">
      <![CDATA[java.lang.AssertionError: expected [Factorial] but found [Factoriall]
at TestScripts.Case2.valTitle(Case2.java:30)
at java.base/java.util.ArrayList.forEach(ArrayList.java:1596)
at java.base/java.util.concurrent.FutureTask.run(FutureTask.java:317)
at java.base/java.util.concurrent.ThreadPoolExecutor.runWorker(ThreadPoolExecutor.java:1144)
at java.base/java.util.concurrent.ThreadPoolExecutor$Worker.run(ThreadPoolExecutor.java:642)
at java.base/java.lang.Thread.run(Thread.java:1583)
... Removed 21 stack frames]]>
    </failure>
  </testcase> <!-- valTitle -->
  <testcase classname="TestScripts.Case2" name="valUrlconatins" time="0.003"/>
  <testcase classname="TestScripts.Class3" name="FactorialTestUsingdataProvider" time="0.643"/>
  <testcase classname="TestScripts.Class3" name="FactorialTestUsingdataProvider" time="0.663"/>
  <testcase classname="TestScripts.Class3" name="FactorialTestUsingdataProvider" time="0.617"/>
  <testcase classname="TestScripts.Class3" name="FactorialTestUsingdataProvider" time="0.613"/>
  <testcase classname="TestScripts.Class3" name="FactorialTestUsingdataProvider" time="0.631"/>
  <testcase classname="TestScripts.Class3" name="FactorialTestUsingdataProvider" time="0.603"/>
  <testcase classname="TestScripts.Class3" name="FactorialTestUsingdataProvider" time="0.611"/>
  <testcase classname="TestScripts.Class3" name="factorialTestExcel" time="4.308"/>
  <testcase classname="TestScripts.Class4" name="validateNumOfLinks" time="0.588"/>
  <testcase classname="TestScripts.Class5" name="clickPrivacy" time="0.274">
    <failure type="java.lang.AssertionError" message="The link is not matching expected [https://qainterview.pythonanywhere.com/privacy] but found [https://qainterview.pythonanywhere.com/terms]">
      <![CDATA[java.lang.AssertionError: The link is not matching expected [https://qainterview.pythonanywhere.com/privacy] but found [https://qainterview.pythonanywhere.com/terms]
at TestScripts.Class5.clickPrivacy(Class5.java:33)
at java.base/java.util.ArrayList.forEach(ArrayList.java:1596)
at java.base/java.util.concurrent.FutureTask.run(FutureTask.java:317)
at java.base/java.util.concurrent.ThreadPoolExecutor.runWorker(ThreadPoolExecutor.java:1144)
at java.base/java.util.concurrent.ThreadPoolExecutor$Worker.run(ThreadPoolExecutor.java:642)
at java.base/java.lang.Thread.run(Thread.java:1583)
... Removed 20 stack frames]]>
    </failure>
  </testcase> <!-- clickPrivacy -->
  <testcase classname="TestScripts.Class5" name="clickTerms" time="5.008">
    <failure type="org.openqa.selenium.NoSuchElementException" message="Unable to locate element: //*[@href=&amp;quot;/privacy&amp;quot;]
For documentation on this error, please visit: https://www.selenium.dev/documentation/webdriver/troubleshooting/errors#no-such-element-exception
Build info: version: &amp;apos;4.28.1&amp;apos;, revision: &amp;apos;73f5ad48a2&amp;apos;
System info: os.name: &amp;apos;Windows 11&amp;apos;, os.arch: &amp;apos;amd64&amp;apos;, os.version: &amp;apos;10.0&amp;apos;, java.version: &amp;apos;21.0.1&amp;apos;
Driver info: org.openqa.selenium.firefox.FirefoxDriver
Command: [bc3da3db-ce05-4c0f-af32-d992d9474662, findElement {value=//*[@href=&amp;quot;/privacy&amp;quot;], using=xpath}]
Capabilities {acceptInsecureCerts: true, browserName: firefox, browserVersion: 141.0.3, moz:accessibilityChecks: false, moz:buildID: 20250806102122, moz:geckodriverVersion: 0.36.0, moz:headless: false, moz:platformVersion: 10.0, moz:processID: 14632, moz:profile: C:\Users\prasa\AppData\Loca..., moz:shutdownTimeout: 60000, moz:webdriverClick: true, moz:windowless: false, pageLoadStrategy: normal, platformName: windows, proxy: Proxy(), setWindowRect: true, strictFileInteractability: false, timeouts: {implicit: 0, pageLoad: 300000, script: 30000}, unhandledPromptBehavior: dismiss and notify, userAgent: Mozilla/5.0 (Windows NT 10....}
Session ID: bc3da3db-ce05-4c0f-af32-d992d9474662">
      <![CDATA[org.openqa.selenium.NoSuchElementException: Unable to locate element: //*[@href="/privacy"]
For documentation on this error, please visit: https://www.selenium.dev/documentation/webdriver/troubleshooting/errors#no-such-element-exception
Build info: version: '4.28.1', revision: '73f5ad48a2'
System info: os.name: 'Windows 11', os.arch: 'amd64', os.version: '10.0', java.version: '21.0.1'
Driver info: org.openqa.selenium.firefox.FirefoxDriver
Command: [bc3da3db-ce05-4c0f-af32-d992d9474662, findElement {value=//*[@href="/privacy"], using=xpath}]
Capabilities {acceptInsecureCerts: true, browserName: firefox, browserVersion: 141.0.3, moz:accessibilityChecks: false, moz:buildID: 20250806102122, moz:geckodriverVersion: 0.36.0, moz:headless: false, moz:platformVersion: 10.0, moz:processID: 14632, moz:profile: C:\Users\prasa\AppData\Loca..., moz:shutdownTimeout: 60000, moz:webdriverClick: true, moz:windowless: false, pageLoadStrategy: normal, platformName: windows, proxy: Proxy(), setWindowRect: true, strictFileInteractability: false, timeouts: {implicit: 0, pageLoad: 300000, script: 30000}, unhandledPromptBehavior: dismiss and notify, userAgent: Mozilla/5.0 (Windows NT 10....}
Session ID: bc3da3db-ce05-4c0f-af32-d992d9474662
at org.openqa.selenium.remote.ErrorCodec.decode(ErrorCodec.java:167)
at org.openqa.selenium.remote.codec.w3c.W3CHttpResponseCodec.decode(W3CHttpResponseCodec.java:138)
at org.openqa.selenium.remote.codec.w3c.W3CHttpResponseCodec.decode(W3CHttpResponseCodec.java:50)
at org.openqa.selenium.remote.HttpCommandExecutor.execute(HttpCommandExecutor.java:215)
at org.openqa.selenium.remote.service.DriverCommandExecutor.invokeExecute(DriverCommandExecutor.java:216)
at org.openqa.selenium.remote.service.DriverCommandExecutor.execute(DriverCommandExecutor.java:174)
at org.openqa.selenium.remote.RemoteWebDriver.execute(RemoteWebDriver.java:545)
at org.openqa.selenium.remote.ElementLocation$ElementFinder$2.findElement(ElementLocation.java:165)
at org.openqa.selenium.remote.ElementLocation.findElement(ElementLocation.java:59)
at org.openqa.selenium.remote.RemoteWebDriver.findElement(RemoteWebDriver.java:368)
at org.openqa.selenium.remote.RemoteWebDriver.findElement(RemoteWebDriver.java:362)
at org.openqa.selenium.support.pagefactory.DefaultElementLocator.findElement(DefaultElementLocator.java:68)
at org.openqa.selenium.support.pagefactory.internal.LocatingElementHandler.invoke(LocatingElementHandler.java:38)
at jdk.proxy2/jdk.proxy2.$Proxy15.click(Unknown Source)
at POM.Factorial_Webpg.clickTerms(Factorial_Webpg.java:95)
at TestScripts.Class5.clickTerms(Class5.java:41)
at java.base/java.util.ArrayList.forEach(ArrayList.java:1596)
at java.base/java.util.concurrent.FutureTask.run(FutureTask.java:317)
at java.base/java.util.concurrent.ThreadPoolExecutor.runWorker(ThreadPoolExecutor.java:1144)
at java.base/java.util.concurrent.ThreadPoolExecutor$Worker.run(ThreadPoolExecutor.java:642)
at java.base/java.lang.Thread.run(Thread.java:1583)
... Removed 18 stack frames]]>
    </failure>
  </testcase> <!-- clickTerms -->
</testsuite> <!-- firefoxtest -->
