<?xml version="1.0" encoding="UTF-8"?>
<testng-results ignored="0" total="16" passed="13" failed="3" skipped="0">
  <reporter-output>
  </reporter-output>
  <suite started-at="2025-08-16T12:07:01 IST" name="CrossBrowser" finished-at="2025-08-16T12:07:38 IST" duration-ms="37080">
    <groups>
    </groups>
    <test started-at="2025-08-16T12:07:01 IST" name="edgetest" finished-at="2025-08-16T12:07:38 IST" duration-ms="37080">
      <class name="TestScripts.Class3">
        <test-method is-config="true" signature="launch(java.lang.String)[pri:0, instance:TestScripts.Class3@1fa121e2]" started-at="2025-08-16T12:07:17 IST" name="launch" finished-at="2025-08-16T12:07:19 IST" duration-ms="1725" status="PASS">
          <params>
            <param index="0">
              <value>
                <![CDATA[edge]]>
              </value>
            </param>
          </params>
          <reporter-output>
          </reporter-output>
        </test-method> <!-- launch -->
        <test-method is-config="true" signature="setup()[pri:0, instance:TestScripts.Class3@1fa121e2]" started-at="2025-08-16T12:07:19 IST" name="setup" finished-at="2025-08-16T12:07:19 IST" duration-ms="1" status="PASS">
          <reporter-output>
          </reporter-output>
        </test-method> <!-- setup -->
        <test-method signature="FactorialTestUsingdataProvider(int)[pri:0, instance:TestScripts.Class3@1fa121e2]" started-at="2025-08-16T12:07:19 IST" name="FactorialTestUsingdataProvider" data-provider="integers" finished-at="2025-08-16T12:07:20 IST" duration-ms="671" status="PASS">
          <params>
            <param index="0">
              <value>
                <![CDATA[4]]>
              </value>
            </param>
          </params>
          <reporter-output>
          </reporter-output>
        </test-method> <!-- FactorialTestUsingdataProvider -->
        <test-method is-config="true" signature="setup()[pri:0, instance:TestScripts.Class3@1fa121e2]" started-at="2025-08-16T12:07:20 IST" name="setup" finished-at="2025-08-16T12:07:20 IST" duration-ms="1" status="PASS">
          <reporter-output>
          </reporter-output>
        </test-method> <!-- setup -->
        <test-method signature="FactorialTestUsingdataProvider(int)[pri:0, instance:TestScripts.Class3@1fa121e2]" started-at="2025-08-16T12:07:20 IST" name="FactorialTestUsingdataProvider" data-provider="integers" finished-at="2025-08-16T12:07:20 IST" duration-ms="631" status="PASS">
          <params>
            <param index="0">
              <value>
                <![CDATA[5]]>
              </value>
            </param>
          </params>
          <reporter-output>
          </reporter-output>
        </test-method> <!-- FactorialTestUsingdataProvider -->
        <test-method is-config="true" signature="setup()[pri:0, instance:TestScripts.Class3@1fa121e2]" started-at="2025-08-16T12:07:20 IST" name="setup" finished-at="2025-08-16T12:07:20 IST" duration-ms="1" status="PASS">
          <reporter-output>
          </reporter-output>
        </test-method> <!-- setup -->
        <test-method signature="FactorialTestUsingdataProvider(int)[pri:0, instance:TestScripts.Class3@1fa121e2]" started-at="2025-08-16T12:07:20 IST" name="FactorialTestUsingdataProvider" data-provider="integers" finished-at="2025-08-16T12:07:21 IST" duration-ms="610" status="PASS">
          <params>
            <param index="0">
              <value>
                <![CDATA[6]]>
              </value>
            </param>
          </params>
          <reporter-output>
          </reporter-output>
        </test-method> <!-- FactorialTestUsingdataProvider -->
        <test-method signature="FactorialTestUsingdataProvider(int)[pri:0, instance:TestScripts.Class3@1fa121e2]" started-at="2025-08-16T12:07:21 IST" name="FactorialTestUsingdataProvider" data-provider="integers" finished-at="2025-08-16T12:07:22 IST" duration-ms="614" status="PASS">
          <params>
            <param index="0">
              <value>
                <![CDATA[7]]>
              </value>
            </param>
          </params>
          <reporter-output>
          </reporter-output>
        </test-method> <!-- FactorialTestUsingdataProvider -->
        <test-method is-config="true" signature="setup()[pri:0, instance:TestScripts.Class3@1fa121e2]" started-at="2025-08-16T12:07:21 IST" name="setup" finished-at="2025-08-16T12:07:21 IST" duration-ms="0" status="PASS">
          <reporter-output>
          </reporter-output>
        </test-method> <!-- setup -->
        <test-method signature="FactorialTestUsingdataProvider(int)[pri:0, instance:TestScripts.Class3@1fa121e2]" started-at="2025-08-16T12:07:22 IST" name="FactorialTestUsingdataProvider" data-provider="integers" finished-at="2025-08-16T12:07:22 IST" duration-ms="622" status="PASS">
          <params>
            <param index="0">
              <value>
                <![CDATA[8]]>
              </value>
            </param>
          </params>
          <reporter-output>
          </reporter-output>
        </test-method> <!-- FactorialTestUsingdataProvider -->
        <test-method is-config="true" signature="setup()[pri:0, instance:TestScripts.Class3@1fa121e2]" started-at="2025-08-16T12:07:22 IST" name="setup" finished-at="2025-08-16T12:07:22 IST" duration-ms="0" status="PASS">
          <reporter-output>
          </reporter-output>
        </test-method> <!-- setup -->
        <test-method is-config="true" signature="setup()[pri:0, instance:TestScripts.Class3@1fa121e2]" started-at="2025-08-16T12:07:22 IST" name="setup" finished-at="2025-08-16T12:07:22 IST" duration-ms="1" status="PASS">
          <reporter-output>
          </reporter-output>
        </test-method> <!-- setup -->
        <test-method signature="FactorialTestUsingdataProvider(int)[pri:0, instance:TestScripts.Class3@1fa121e2]" started-at="2025-08-16T12:07:22 IST" name="FactorialTestUsingdataProvider" data-provider="integers" finished-at="2025-08-16T12:07:23 IST" duration-ms="618" status="PASS">
          <params>
            <param index="0">
              <value>
                <![CDATA[9]]>
              </value>
            </param>
          </params>
          <reporter-output>
          </reporter-output>
        </test-method> <!-- FactorialTestUsingdataProvider -->
        <test-method signature="FactorialTestUsingdataProvider(int)[pri:0, instance:TestScripts.Class3@1fa121e2]" started-at="2025-08-16T12:07:23 IST" name="FactorialTestUsingdataProvider" data-provider="integers" finished-at="2025-08-16T12:07:24 IST" duration-ms="654" status="PASS">
          <params>
            <param index="0">
              <value>
                <![CDATA[10]]>
              </value>
            </param>
          </params>
          <reporter-output>
          </reporter-output>
        </test-method> <!-- FactorialTestUsingdataProvider -->
        <test-method is-config="true" signature="setup()[pri:0, instance:TestScripts.Class3@1fa121e2]" started-at="2025-08-16T12:07:23 IST" name="setup" finished-at="2025-08-16T12:07:23 IST" duration-ms="0" status="PASS">
          <reporter-output>
          </reporter-output>
        </test-method> <!-- setup -->
        <test-method signature="factorialTestExcel()[pri:0, instance:TestScripts.Class3@1fa121e2]" started-at="2025-08-16T12:07:24 IST" name="factorialTestExcel" finished-at="2025-08-16T12:07:28 IST" duration-ms="4714" status="PASS">
          <reporter-output>
          </reporter-output>
        </test-method> <!-- factorialTestExcel -->
        <test-method is-config="true" signature="setup()[pri:0, instance:TestScripts.Class3@1fa121e2]" started-at="2025-08-16T12:07:24 IST" name="setup" finished-at="2025-08-16T12:07:24 IST" duration-ms="0" status="PASS">
          <reporter-output>
          </reporter-output>
        </test-method> <!-- setup -->
        <test-method is-config="true" signature="closeInst()[pri:0, instance:TestScripts.Class3@1fa121e2]" started-at="2025-08-16T12:07:28 IST" name="closeInst" finished-at="2025-08-16T12:07:28 IST" duration-ms="173" status="PASS">
          <reporter-output>
          </reporter-output>
        </test-method> <!-- closeInst -->
      </class> <!-- TestScripts.Class3 -->
      <class name="TestScripts.Class4">
        <test-method is-config="true" signature="launch(java.lang.String)[pri:0, instance:TestScripts.Class4@7eac9008]" started-at="2025-08-16T12:07:28 IST" name="launch" finished-at="2025-08-16T12:07:30 IST" duration-ms="1666" status="PASS">
          <params>
            <param index="0">
              <value>
                <![CDATA[edge]]>
              </value>
            </param>
          </params>
          <reporter-output>
          </reporter-output>
        </test-method> <!-- launch -->
        <test-method signature="validateNumOfLinks()[pri:0, instance:TestScripts.Class4@7eac9008]" started-at="2025-08-16T12:07:30 IST" name="validateNumOfLinks" finished-at="2025-08-16T12:07:31 IST" duration-ms="590" status="PASS">
          <reporter-output>
          </reporter-output>
        </test-method> <!-- validateNumOfLinks -->
        <test-method is-config="true" signature="setup()[pri:0, instance:TestScripts.Class4@7eac9008]" started-at="2025-08-16T12:07:30 IST" name="setup" finished-at="2025-08-16T12:07:30 IST" duration-ms="0" status="PASS">
          <reporter-output>
          </reporter-output>
        </test-method> <!-- setup -->
        <test-method is-config="true" signature="closeInst()[pri:0, instance:TestScripts.Class4@7eac9008]" started-at="2025-08-16T12:07:31 IST" name="closeInst" finished-at="2025-08-16T12:07:31 IST" duration-ms="151" status="PASS">
          <reporter-output>
          </reporter-output>
        </test-method> <!-- closeInst -->
      </class> <!-- TestScripts.Class4 -->
      <class name="TestScripts.Class5">
        <test-method is-config="true" signature="launch(java.lang.String)[pri:0, instance:TestScripts.Class5@4116aac9]" started-at="2025-08-16T12:07:31 IST" name="launch" finished-at="2025-08-16T12:07:33 IST" duration-ms="1692" status="PASS">
          <params>
            <param index="0">
              <value>
                <![CDATA[edge]]>
              </value>
            </param>
          </params>
          <reporter-output>
          </reporter-output>
        </test-method> <!-- launch -->
        <test-method signature="clickPrivacy()[pri:0, instance:TestScripts.Class5@4116aac9]" started-at="2025-08-16T12:07:33 IST" name="clickPrivacy" finished-at="2025-08-16T12:07:33 IST" duration-ms="325" status="FAIL">
          <exception class="java.lang.AssertionError">
            <message>
              <![CDATA[The link is not matching expected [https://qainterview.pythonanywhere.com/privacy] but found [https://qainterview.pythonanywhere.com/terms]]]>
            </message>
            <full-stacktrace>
              <![CDATA[java.lang.AssertionError: The link is not matching expected [https://qainterview.pythonanywhere.com/privacy] but found [https://qainterview.pythonanywhere.com/terms]
at org.testng.Assert.fail(Assert.java:111)
at org.testng.Assert.failNotEquals(Assert.java:1590)
at org.testng.Assert.assertEqualsImpl(Assert.java:150)
at org.testng.Assert.assertEquals(Assert.java:132)
at org.testng.Assert.assertEquals(Assert.java:656)
at TestScripts.Class5.clickPrivacy(Class5.java:33)
at java.base/jdk.internal.reflect.DirectMethodHandleAccessor.invoke(DirectMethodHandleAccessor.java:103)
at java.base/java.lang.reflect.Method.invoke(Method.java:580)
at org.testng.internal.invokers.MethodInvocationHelper.invokeMethod(MethodInvocationHelper.java:141)
at org.testng.internal.invokers.TestInvoker.invokeMethod(TestInvoker.java:687)
at org.testng.internal.invokers.TestInvoker.invokeTestMethod(TestInvoker.java:230)
at org.testng.internal.invokers.MethodRunner.runInSequence(MethodRunner.java:63)
at org.testng.internal.invokers.TestInvoker$MethodInvocationAgent.invoke(TestInvoker.java:995)
at org.testng.internal.invokers.TestInvoker.invokeTestMethods(TestInvoker.java:203)
at org.testng.internal.invokers.TestMethodWorker.invokeTestMethods(TestMethodWorker.java:154)
at org.testng.internal.invokers.TestMethodWorker.run(TestMethodWorker.java:134)
at java.base/java.util.ArrayList.forEach(ArrayList.java:1596)
at org.testng.TestRunner.privateRun(TestRunner.java:741)
at org.testng.TestRunner.run(TestRunner.java:616)
at org.testng.SuiteRunner.runTest(SuiteRunner.java:421)
at org.testng.SuiteRunner$SuiteWorker.run(SuiteRunner.java:463)
at org.testng.internal.thread.ThreadUtil.lambda$execute$0(ThreadUtil.java:64)
at java.base/java.util.concurrent.FutureTask.run(FutureTask.java:317)
at java.base/java.util.concurrent.ThreadPoolExecutor.runWorker(ThreadPoolExecutor.java:1144)
at java.base/java.util.concurrent.ThreadPoolExecutor$Worker.run(ThreadPoolExecutor.java:642)
at java.base/java.lang.Thread.run(Thread.java:1583)
]]>
            </full-stacktrace>
          </exception> <!-- java.lang.AssertionError -->
          <reporter-output>
          </reporter-output>
        </test-method> <!-- clickPrivacy -->
        <test-method is-config="true" signature="setup()[pri:0, instance:TestScripts.Class5@4116aac9]" started-at="2025-08-16T12:07:33 IST" name="setup" finished-at="2025-08-16T12:07:33 IST" duration-ms="0" status="PASS">
          <reporter-output>
          </reporter-output>
        </test-method> <!-- setup -->
        <test-method signature="clickTerms()[pri:0, instance:TestScripts.Class5@4116aac9]" started-at="2025-08-16T12:07:33 IST" name="clickTerms" finished-at="2025-08-16T12:07:38 IST" duration-ms="5023" status="FAIL">
          <exception class="org.openqa.selenium.NoSuchElementException">
            <message>
              <![CDATA[no such element: Unable to locate element: {"method":"xpath","selector":"//*[@href="/privacy"]"}
  (Session info: MicrosoftEdge=139.0.3405.86)
For documentation on this error, please visit: https://www.selenium.dev/documentation/webdriver/troubleshooting/errors#no-such-element-exception
Build info: version: '4.28.1', revision: '73f5ad48a2'
System info: os.name: 'Windows 11', os.arch: 'amd64', os.version: '10.0', java.version: '21.0.1'
Driver info: org.openqa.selenium.edge.EdgeDriver
Command: [ad38d97f98b94ba63a39ca76a17fa3bd, findElement {value=//*[@href="/privacy"], using=xpath}]
Capabilities {acceptInsecureCerts: false, browserName: MicrosoftEdge, browserVersion: 139.0.3405.86, fedcm:accounts: true, ms:edgeOptions: {debuggerAddress: localhost:52292}, msedge: {msedgedriverVersion: 139.0.3405.102 (7dccc8fa00f..., userDataDir: C:\Users\prasa\AppData\Loca...}, networkConnectionEnabled: false, pageLoadStrategy: normal, platformName: windows, proxy: Proxy(), se:cdp: ws://localhost:52292/devtoo..., se:cdpVersion: 139.0.3405.86, setWindowRect: true, strictFileInteractability: false, timeouts: {implicit: 0, pageLoad: 300000, script: 30000}, unhandledPromptBehavior: dismiss and notify, webauthn:extension:credBlob: true, webauthn:extension:largeBlob: true, webauthn:extension:minPinLength: true, webauthn:extension:prf: true, webauthn:virtualAuthenticators: true}
Session ID: ad38d97f98b94ba63a39ca76a17fa3bd]]>
            </message>
            <full-stacktrace>
              <![CDATA[org.openqa.selenium.NoSuchElementException: no such element: Unable to locate element: {"method":"xpath","selector":"//*[@href="/privacy"]"}
  (Session info: MicrosoftEdge=139.0.3405.86)
For documentation on this error, please visit: https://www.selenium.dev/documentation/webdriver/troubleshooting/errors#no-such-element-exception
Build info: version: '4.28.1', revision: '73f5ad48a2'
System info: os.name: 'Windows 11', os.arch: 'amd64', os.version: '10.0', java.version: '21.0.1'
Driver info: org.openqa.selenium.edge.EdgeDriver
Command: [ad38d97f98b94ba63a39ca76a17fa3bd, findElement {value=//*[@href="/privacy"], using=xpath}]
Capabilities {acceptInsecureCerts: false, browserName: MicrosoftEdge, browserVersion: 139.0.3405.86, fedcm:accounts: true, ms:edgeOptions: {debuggerAddress: localhost:52292}, msedge: {msedgedriverVersion: 139.0.3405.102 (7dccc8fa00f..., userDataDir: C:\Users\prasa\AppData\Loca...}, networkConnectionEnabled: false, pageLoadStrategy: normal, platformName: windows, proxy: Proxy(), se:cdp: ws://localhost:52292/devtoo..., se:cdpVersion: 139.0.3405.86, setWindowRect: true, strictFileInteractability: false, timeouts: {implicit: 0, pageLoad: 300000, script: 30000}, unhandledPromptBehavior: dismiss and notify, webauthn:extension:credBlob: true, webauthn:extension:largeBlob: true, webauthn:extension:minPinLength: true, webauthn:extension:prf: true, webauthn:virtualAuthenticators: true}
Session ID: ad38d97f98b94ba63a39ca76a17fa3bd
at java.base/jdk.internal.reflect.DirectConstructorHandleAccessor.newInstance(DirectConstructorHandleAccessor.java:62)
at java.base/java.lang.reflect.Constructor.newInstanceWithCaller(Constructor.java:502)
at java.base/java.lang.reflect.Constructor.newInstance(Constructor.java:486)
at org.openqa.selenium.remote.ErrorCodec.decode(ErrorCodec.java:167)
at org.openqa.selenium.remote.codec.w3c.W3CHttpResponseCodec.decode(W3CHttpResponseCodec.java:138)
at org.openqa.selenium.remote.codec.w3c.W3CHttpResponseCodec.decode(W3CHttpResponseCodec.java:50)
at org.openqa.selenium.remote.HttpCommandExecutor.execute(HttpCommandExecutor.java:215)
at org.openqa.selenium.remote.service.DriverCommandExecutor.invokeExecute(DriverCommandExecutor.java:216)
at org.openqa.selenium.remote.service.DriverCommandExecutor.execute(DriverCommandExecutor.java:174)
at org.openqa.selenium.remote.RemoteWebDriver.execute(RemoteWebDriver.java:545)
at org.openqa.selenium.remote.ElementLocation$ElementFinder$2.findElement(ElementLocation.java:165)
at org.openqa.selenium.remote.ElementLocation.findElement(ElementLocation.java:59)
at org.openqa.selenium.remote.RemoteWebDriver.findElement(RemoteWebDriver.java:368)
at org.openqa.selenium.remote.RemoteWebDriver.findElement(RemoteWebDriver.java:362)
at org.openqa.selenium.support.pagefactory.DefaultElementLocator.findElement(DefaultElementLocator.java:68)
at org.openqa.selenium.support.pagefactory.internal.LocatingElementHandler.invoke(LocatingElementHandler.java:38)
at jdk.proxy2/jdk.proxy2.$Proxy15.click(Unknown Source)
at POM.Factorial_Webpg.clickTerms(Factorial_Webpg.java:95)
at TestScripts.Class5.clickTerms(Class5.java:41)
at java.base/jdk.internal.reflect.DirectMethodHandleAccessor.invoke(DirectMethodHandleAccessor.java:103)
at java.base/java.lang.reflect.Method.invoke(Method.java:580)
at org.testng.internal.invokers.MethodInvocationHelper.invokeMethod(MethodInvocationHelper.java:141)
at org.testng.internal.invokers.TestInvoker.invokeMethod(TestInvoker.java:687)
at org.testng.internal.invokers.TestInvoker.invokeTestMethod(TestInvoker.java:230)
at org.testng.internal.invokers.MethodRunner.runInSequence(MethodRunner.java:63)
at org.testng.internal.invokers.TestInvoker$MethodInvocationAgent.invoke(TestInvoker.java:995)
at org.testng.internal.invokers.TestInvoker.invokeTestMethods(TestInvoker.java:203)
at org.testng.internal.invokers.TestMethodWorker.invokeTestMethods(TestMethodWorker.java:154)
at org.testng.internal.invokers.TestMethodWorker.run(TestMethodWorker.java:134)
at java.base/java.util.ArrayList.forEach(ArrayList.java:1596)
at org.testng.TestRunner.privateRun(TestRunner.java:741)
at org.testng.TestRunner.run(TestRunner.java:616)
at org.testng.SuiteRunner.runTest(SuiteRunner.java:421)
at org.testng.SuiteRunner$SuiteWorker.run(SuiteRunner.java:463)
at org.testng.internal.thread.ThreadUtil.lambda$execute$0(ThreadUtil.java:64)
at java.base/java.util.concurrent.FutureTask.run(FutureTask.java:317)
at java.base/java.util.concurrent.ThreadPoolExecutor.runWorker(ThreadPoolExecutor.java:1144)
at java.base/java.util.concurrent.ThreadPoolExecutor$Worker.run(ThreadPoolExecutor.java:642)
at java.base/java.lang.Thread.run(Thread.java:1583)
]]>
            </full-stacktrace>
          </exception> <!-- org.openqa.selenium.NoSuchElementException -->
          <reporter-output>
          </reporter-output>
        </test-method> <!-- clickTerms -->
        <test-method is-config="true" signature="setup()[pri:0, instance:TestScripts.Class5@4116aac9]" started-at="2025-08-16T12:07:33 IST" name="setup" finished-at="2025-08-16T12:07:33 IST" duration-ms="0" status="PASS">
          <reporter-output>
          </reporter-output>
        </test-method> <!-- setup -->
        <test-method is-config="true" signature="closeInst()[pri:0, instance:TestScripts.Class5@4116aac9]" started-at="2025-08-16T12:07:38 IST" name="closeInst" finished-at="2025-08-16T12:07:38 IST" duration-ms="90" status="PASS">
          <reporter-output>
          </reporter-output>
        </test-method> <!-- closeInst -->
      </class> <!-- TestScripts.Class5 -->
      <class name="TestScripts.Case1">
        <test-method is-config="true" signature="launch(java.lang.String)[pri:0, instance:TestScripts.Case1@1e800aaa]" started-at="2025-08-16T12:07:01 IST" name="launch" finished-at="2025-08-16T12:07:03 IST" duration-ms="1933" status="PASS">
          <params>
            <param index="0">
              <value>
                <![CDATA[edge]]>
              </value>
            </param>
          </params>
          <reporter-output>
          </reporter-output>
        </test-method> <!-- launch -->
        <test-method is-config="true" signature="setup()[pri:0, instance:TestScripts.Case1@1e800aaa]" started-at="2025-08-16T12:07:03 IST" name="setup" finished-at="2025-08-16T12:07:03 IST" duration-ms="10" status="PASS">
          <reporter-output>
          </reporter-output>
        </test-method> <!-- setup -->
        <test-method signature="valUIisDisplayed()[pri:0, instance:TestScripts.Case1@1e800aaa]" started-at="2025-08-16T12:07:03 IST" name="valUIisDisplayed" finished-at="2025-08-16T12:07:03 IST" duration-ms="84" status="PASS">
          <reporter-output>
          </reporter-output>
        </test-method> <!-- valUIisDisplayed -->
        <test-method signature="valUIisEnabled()[pri:0, instance:TestScripts.Case1@1e800aaa]" started-at="2025-08-16T12:07:03 IST" name="valUIisEnabled" finished-at="2025-08-16T12:07:03 IST" duration-ms="52" status="PASS">
          <reporter-output>
          </reporter-output>
        </test-method> <!-- valUIisEnabled -->
        <test-method is-config="true" signature="setup()[pri:0, instance:TestScripts.Case1@1e800aaa]" started-at="2025-08-16T12:07:03 IST" name="setup" finished-at="2025-08-16T12:07:03 IST" duration-ms="0" status="PASS">
          <reporter-output>
          </reporter-output>
        </test-method> <!-- setup -->
        <test-method is-config="true" signature="closeInst()[pri:0, instance:TestScripts.Case1@1e800aaa]" started-at="2025-08-16T12:07:03 IST" name="closeInst" finished-at="2025-08-16T12:07:09 IST" duration-ms="6369" status="PASS">
          <reporter-output>
          </reporter-output>
        </test-method> <!-- closeInst -->
      </class> <!-- TestScripts.Case1 -->
      <class name="TestScripts.Case2">
        <test-method is-config="true" signature="launch(java.lang.String)[pri:0, instance:TestScripts.Case2@3cd3e762]" started-at="2025-08-16T12:07:09 IST" name="launch" finished-at="2025-08-16T12:07:11 IST" duration-ms="1640" status="PASS">
          <params>
            <param index="0">
              <value>
                <![CDATA[edge]]>
              </value>
            </param>
          </params>
          <reporter-output>
          </reporter-output>
        </test-method> <!-- launch -->
        <test-method is-config="true" signature="setup()[pri:0, instance:TestScripts.Case2@3cd3e762]" started-at="2025-08-16T12:07:11 IST" name="setup" finished-at="2025-08-16T12:07:11 IST" duration-ms="0" status="PASS">
          <reporter-output>
          </reporter-output>
        </test-method> <!-- setup -->
        <test-method signature="valPlaceholder()[pri:0, instance:TestScripts.Case2@3cd3e762]" started-at="2025-08-16T12:07:11 IST" name="valPlaceholder" finished-at="2025-08-16T12:07:11 IST" duration-ms="14" status="PASS">
          <reporter-output>
          </reporter-output>
        </test-method> <!-- valPlaceholder -->
        <test-method signature="valTitle()[pri:0, instance:TestScripts.Case2@3cd3e762]" started-at="2025-08-16T12:07:11 IST" name="valTitle" finished-at="2025-08-16T12:07:11 IST" duration-ms="7" status="FAIL">
          <exception class="java.lang.AssertionError">
            <message>
              <![CDATA[expected [Factorial] but found [Factoriall]]]>
            </message>
            <full-stacktrace>
              <![CDATA[java.lang.AssertionError: expected [Factorial] but found [Factoriall]
at org.testng.Assert.fail(Assert.java:111)
at org.testng.Assert.failNotEquals(Assert.java:1590)
at org.testng.Assert.assertEqualsImpl(Assert.java:150)
at org.testng.Assert.assertEquals(Assert.java:132)
at org.testng.Assert.assertEquals(Assert.java:656)
at org.testng.Assert.assertEquals(Assert.java:666)
at TestScripts.Case2.valTitle(Case2.java:30)
at java.base/jdk.internal.reflect.DirectMethodHandleAccessor.invoke(DirectMethodHandleAccessor.java:103)
at java.base/java.lang.reflect.Method.invoke(Method.java:580)
at org.testng.internal.invokers.MethodInvocationHelper.invokeMethod(MethodInvocationHelper.java:141)
at org.testng.internal.invokers.TestInvoker.invokeMethod(TestInvoker.java:687)
at org.testng.internal.invokers.TestInvoker.invokeTestMethod(TestInvoker.java:230)
at org.testng.internal.invokers.MethodRunner.runInSequence(MethodRunner.java:63)
at org.testng.internal.invokers.TestInvoker$MethodInvocationAgent.invoke(TestInvoker.java:995)
at org.testng.internal.invokers.TestInvoker.invokeTestMethods(TestInvoker.java:203)
at org.testng.internal.invokers.TestMethodWorker.invokeTestMethods(TestMethodWorker.java:154)
at org.testng.internal.invokers.TestMethodWorker.run(TestMethodWorker.java:134)
at java.base/java.util.ArrayList.forEach(ArrayList.java:1596)
at org.testng.TestRunner.privateRun(TestRunner.java:741)
at org.testng.TestRunner.run(TestRunner.java:616)
at org.testng.SuiteRunner.runTest(SuiteRunner.java:421)
at org.testng.SuiteRunner$SuiteWorker.run(SuiteRunner.java:463)
at org.testng.internal.thread.ThreadUtil.lambda$execute$0(ThreadUtil.java:64)
at java.base/java.util.concurrent.FutureTask.run(FutureTask.java:317)
at java.base/java.util.concurrent.ThreadPoolExecutor.runWorker(ThreadPoolExecutor.java:1144)
at java.base/java.util.concurrent.ThreadPoolExecutor$Worker.run(ThreadPoolExecutor.java:642)
at java.base/java.lang.Thread.run(Thread.java:1583)
]]>
            </full-stacktrace>
          </exception> <!-- java.lang.AssertionError -->
          <reporter-output>
          </reporter-output>
        </test-method> <!-- valTitle -->
        <test-method is-config="true" signature="setup()[pri:0, instance:TestScripts.Case2@3cd3e762]" started-at="2025-08-16T12:07:11 IST" name="setup" finished-at="2025-08-16T12:07:11 IST" duration-ms="0" status="PASS">
          <reporter-output>
          </reporter-output>
        </test-method> <!-- setup -->
        <test-method signature="valUrlconatins()[pri:0, instance:TestScripts.Case2@3cd3e762]" started-at="2025-08-16T12:07:11 IST" name="valUrlconatins" finished-at="2025-08-16T12:07:11 IST" duration-ms="5" status="PASS">
          <reporter-output>
          </reporter-output>
        </test-method> <!-- valUrlconatins -->
        <test-method is-config="true" signature="setup()[pri:0, instance:TestScripts.Case2@3cd3e762]" started-at="2025-08-16T12:07:11 IST" name="setup" finished-at="2025-08-16T12:07:11 IST" duration-ms="0" status="PASS">
          <reporter-output>
          </reporter-output>
        </test-method> <!-- setup -->
        <test-method is-config="true" signature="closeInst()[pri:0, instance:TestScripts.Case2@3cd3e762]" started-at="2025-08-16T12:07:11 IST" name="closeInst" finished-at="2025-08-16T12:07:17 IST" duration-ms="6352" status="PASS">
          <reporter-output>
          </reporter-output>
        </test-method> <!-- closeInst -->
      </class> <!-- TestScripts.Case2 -->
    </test> <!-- edgetest -->
  </suite> <!-- CrossBrowser -->
</testng-results>
